<?xml version="1.0" encoding="UTF-8"?>
<!-- Generated by org.testng.reporters.JUnitXMLReporter -->
<testsuite ignored="6" hostname="DESKTOP-VBL10S0" failures="1" tests="1" name="Default test(failed)(failed)(failed)" time="28.916" errors="0" timestamp="2022-08-16T15:50:23 IST">
  <testcase classname="testBase.DashbordPageTest" name="verifyNicknameTest" time="6.384">
    <failure type="java.lang.AssertionError" message="expected [YP] but found [Yogesh]">
      <![CDATA[java.lang.AssertionError: expected [YP] but found [Yogesh]
at testBase.DashbordPageTest.verifyNicknameTest(DashbordPageTest.java:35)
at java.base/java.util.ArrayList.forEach(ArrayList.java:1541)
... Removed 32 stack frames]]>
    </failure>
  </testcase> <!-- verifyNicknameTest -->
  <testcase classname="testBase.DashbordPageTest" name="verifyByTataSteelSharesTest" time="0.0">
    <ignored/>
  </testcase> <!-- verifyByTataSteelSharesTest -->
  <testcase classname="testBase.DashbordPageTest" name="verifyEmaliTest" time="0.0">
    <ignored/>
  </testcase> <!-- verifyEmaliTest -->
  <testcase classname="testBase.DashbordPageTest" name="verifyConsol" time="0.0">
    <ignored/>
  </testcase> <!-- verifyConsol -->
  <testcase classname="testBase.DashbordPageTest" name="verifyUseridalltextTest" time="0.0">
    <ignored/>
  </testcase> <!-- verifyUseridalltextTest -->
  <testcase classname="testBase.DashbordPageTest" name="VerifyMyprofileTest" time="0.0">
    <ignored/>
  </testcase> <!-- VerifyMyprofileTest -->
  <testcase classname="testBase.DashbordPageTest" name="verifyViewstatmentlinkTest" time="0.0">
    <ignored/>
  </testcase> <!-- verifyViewstatmentlinkTest -->
</testsuite> <!-- Default test(failed)(failed)(failed) -->
